<?xml version="1.0" encoding="utf-8"?><testsuites name="pytest tests"><testsuite name="pytest" errors="0" failures="0" skipped="0" tests="26" time="5.370" timestamp="2026-08-10T22:18:29.806441+00:00" hostname="agent-env-38383ba8-26bc-4938-95f8-2c55dbf3fc81"><testcase classname="tests.backend_test.TestProperties" name="test_root" time="0.604" /><testcase classname="tests.backend_test.TestAuth" name="test_login_success" time="0.584" /><testcase classname="tests.backend_test.TestAuth" name="test_login_case_insensitive_email" time="0.385" /><testcase classname="tests.backend_test.TestProperties" name="test_list_all" time="0.392" /><testcase classname="tests.backend_test.TestAuth" name="test_login_wrong_password" time="0.375" /><testcase classname="tests.backend_test.TestProperties" name="test_filter_historic" time="0.376" /><testcase classname="tests.backend_test.TestAuth" name="test_login_unknown_user" time="0.047" /><testcase classname="tests.backend_test.TestProperties" name="test_filter_manga" time="0.070" /><testcase classname="tests.backend_test.TestProperties" name="test_filter_unknown_category" time="0.350" /><testcase classname="tests.backend_test.TestProperties" name="test_get_by_slug" time="0.109" /><testcase classname="tests.backend_test.TestAuth" name="test_me_with_token" time="0.474" /><testcase classname="tests.backend_test.TestAuth" name="test_me_without_token" time="0.083" /><testcase classname="tests.backend_test.TestProperties" name="test_get_missing_slug" time="0.073" /><testcase classname="tests.backend_test.TestAuth" name="test_me_bad_token" time="0.048" /><testcase classname="tests.backend_test.TestProperties" name="test_images_reachable" time="0.247" /><testcase classname="tests.backend_test.TestAuth" name="test_admin_hash_is_bcrypt" time="0.215" /><testcase classname="tests.backend_test.TestInquiries" name="test_create_full" time="0.785" /><testcase classname="tests.backend_test.TestAdminProtection" name="test_create_unauth" time="0.070" /><testcase classname="tests.backend_test.TestAdminProtection" name="test_update_unauth" time="0.135" /><testcase classname="tests.backend_test.TestAdminProtection" name="test_delete_unauth" time="0.066" /><testcase classname="tests.backend_test.TestAdminProtection" name="test_inquiries_unauth" time="0.065" /><testcase classname="tests.backend_test.TestAdminProtection" name="test_inquiries_auth" time="0.473" /><testcase classname="tests.backend_test.TestInquiries" name="test_create_minimal" time="0.305" /><testcase classname="tests.backend_test.TestAdminPropertyLifecycle" name="test_lifecycle" time="0.840" /><testcase classname="tests.backend_test.TestInquiries" name="test_invalid_email_rejected" time="0.048" /><testcase classname="tests.backend_test.TestInquiries" name="test_missing_name_rejected" time="0.047" /></testsuite></testsuites>