<?xml version="1.0" encoding="utf-8"?><testsuites name="pytest tests"><testsuite name="pytest" errors="0" failures="0" skipped="0" tests="20" time="4.904" timestamp="2026-08-11T00:51:17.780382+00:00" hostname="agent-env-38383ba8-26bc-4938-95f8-2c55dbf3fc81"><testcase classname="tests.test_bookings_reviews.TestBookings" name="test_reject_past_dates" time="0.214" /><testcase classname="tests.test_bookings_reviews.TestBookings" name="test_reject_checkout_before_checkin" time="0.376" /><testcase classname="tests.test_bookings_reviews.TestBookings" name="test_unknown_property_404" time="0.046" /><testcase classname="tests.test_bookings_reviews.TestReviews" name="test_review_crud" time="1.442" /><testcase classname="tests.test_bookings_reviews.TestBookings" name="test_invalid_email_422" time="0.073" /><testcase classname="tests.test_bookings_reviews.TestBookings" name="test_create_conflict_and_admin_flow" time="2.295" /><testcase classname="tests.test_bookings_reviews.TestReviews" name="test_review_auth_required" time="0.104" /><testcase classname="tests.test_bookings_reviews.TestReviews" name="test_delete_unknown_review_404" time="0.097" /><testcase classname="tests.test_bookings_reviews.TestReviews" name="test_update_unknown_review_404" time="0.057" /><testcase classname="tests.test_bookings_reviews.TestAvailability" name="test_availability_shape" time="0.060" /><testcase classname="tests.test_bookings_reviews.TestAvailability" name="test_availability_unknown_slug_404" time="0.065" /><testcase classname="tests.test_bookings_reviews.TestAvailability" name="test_reviews_public_endpoint" time="0.059" /><testcase classname="tests.test_bookings_reviews.TestAuthBasics" name="test_login_wrong_password_401" time="0.385" /><testcase classname="tests.test_bookings_reviews.TestAuthBasics" name="test_me_endpoint" time="0.059" /><testcase classname="tests.test_bookings_reviews.TestAuthBasics" name="test_bad_token_401" time="0.065" /><testcase classname="tests.test_bookings_reviews.TestPropertyFields" name="test_persist_new_fields" time="0.348" /><testcase classname="tests.test_bookings_reviews.TestPropertyFields" name="test_property_update_requires_auth" time="0.115" /><testcase classname="tests.test_bookings_reviews.TestBookings" name="test_invalid_status_400" time="0.062" /><testcase classname="tests.test_bookings_reviews.TestBookings" name="test_unknown_booking_404" time="0.053" /><testcase classname="tests.test_bookings_reviews.TestBookings" name="test_admin_bookings_requires_auth" time="0.045" /></testsuite></testsuites>